<?xml version="1.0" encoding="UTF-8"?>
<!-- Generated by org.testng.reporters.JUnitReportReporter -->
<testsuite skipped="0" hostname="DESKTOP-Q4HR9GQ" name="com.syntax.test.TestNg" tests="1" failures="0" timestamp="2020-05-19T13:49:14 EDT" time="0.009" errors="0">
  <testcase name="hello" time="0.009" classname="com.syntax.test.TestNg"/>
  <system-out/>
</testsuite> <!-- com.syntax.test.TestNg -->
